[0mGET / [32m200 [0m581.123 ms - 7494[0m
[0mGET /users/sign-in [36m304 [0m100.536 ms - -[0m
[0mPOST /users/create-session [36m302 [0m68.902 ms - 46[0m
[0mGET / [32m200 [0m42.717 ms - 12656[0m
[0mGET / [32m200 [0m46.197 ms - 12410[0m
[0mGET / [0m- [0m- ms - -[0m
[0mGET / [32m200 [0m215.275 ms - 7494[0m
[0mGET /css/footer.css [33m404 [0m392.165 ms - 153[0m
[0mGET /css/header.css [33m404 [0m359.906 ms - 153[0m
[0mGET /css/layout.css [33m404 [0m408.670 ms - 153[0m
[0mGET /js/chat_engine.js [33m404 [0m350.682 ms - 156[0m
[0mGET /js/home_posts.js [33m404 [0m176.804 ms - 155[0m
[0mGET /js/toggle_likes.js [33m404 [0m185.564 ms - 157[0m
[0mGET /css/chat_box.css [33m404 [0m3.023 ms - 155[0m
[0mGET /css/layout.css [33m404 [0m19.865 ms - 153[0m
[0mGET /css/chat_box.css [33m404 [0m23.049 ms - 155[0m
[0mGET /js/home_posts.js [33m404 [0m10.567 ms - 155[0m
[0mGET /js/toggle_likes.js [33m404 [0m3.445 ms - 157[0m
[0mGET /js/chat_engine.js [33m404 [0m2.776 ms - 156[0m
[0mGET /css/header.css [33m404 [0m13.811 ms - 153[0m
[0mGET /css/footer.css [33m404 [0m12.158 ms - 153[0m
[0mGET /users/sign-in [36m304 [0m20.319 ms - -[0m
[0mGET /css/layout.css [33m404 [0m4.863 ms - 153[0m
[0mGET /css/header.css [33m404 [0m8.890 ms - 153[0m
[0mGET /css/footer.css [33m404 [0m13.704 ms - 153[0m
[0mGET /css/chat_box.css [33m404 [0m12.211 ms - 155[0m
[0mGET /css/layout.css [33m404 [0m5.306 ms - 153[0m
[0mGET /css/header.css [33m404 [0m7.468 ms - 153[0m
[0mGET /css/footer.css [33m404 [0m9.564 ms - 153[0m
[0mPOST /users/create-session [36m302 [0m18.391 ms - 46[0m
[0mGET / [32m200 [0m72.385 ms - 12656[0m
[0mGET /css/layout.css [33m404 [0m9.244 ms - 153[0m
[0mGET /css/header.css [33m404 [0m8.340 ms - 153[0m
[0mGET /css/chat_box.css [33m404 [0m35.709 ms - 155[0m
[0mGET /css/footer.css [33m404 [0m38.665 ms - 153[0m
[0mGET /js/home_posts.js [33m404 [0m42.868 ms - 155[0m
[0mGET /js/toggle_likes.js [33m404 [0m34.015 ms - 157[0m
[0mGET /js/chat_engine.js [33m404 [0m31.709 ms - 156[0m
[0mGET /css/layout.css [33m404 [0m15.694 ms - 153[0m
[0mGET /css/header.css [33m404 [0m14.135 ms - 153[0m
[0mGET /css/chat_box.css [33m404 [0m10.783 ms - 155[0m
[0mGET /js/home_posts.js [33m404 [0m5.824 ms - 155[0m
[0mGET /js/toggle_likes.js [33m404 [0m6.128 ms - 157[0m
[0mGET /js/chat_engine.js [33m404 [0m10.081 ms - 156[0m
[0mGET / [32m200 [0m61.845 ms - 12410[0m
[0mGET /css/header.css [33m404 [0m35.092 ms - 153[0m
[0mGET /css/layout.css [33m404 [0m37.071 ms - 153[0m
[0mGET /js/home_posts.js [33m404 [0m39.813 ms - 155[0m
[0mGET /css/chat_box.css [33m404 [0m33.774 ms - 155[0m
[0mGET /js/toggle_likes.js [33m404 [0m39.161 ms - 157[0m
[0mGET /css/footer.css [33m404 [0m38.222 ms - 153[0m
[0mGET /js/chat_engine.js [33m404 [0m14.327 ms - 156[0m
[0mGET /js/home_posts.js [33m404 [0m12.562 ms - 155[0m
[0mGET /js/toggle_likes.js [33m404 [0m6.348 ms - 157[0m
[0mGET /js/chat_engine.js [33m404 [0m7.323 ms - 156[0m
[0mGET / [36m304 [0m56.565 ms - -[0m
[0mGET /js/home_posts.js [33m404 [0m31.855 ms - 155[0m
[0mGET /css/layout.css [33m404 [0m31.780 ms - 153[0m
[0mGET /css/header.css [33m404 [0m29.767 ms - 153[0m
[0mGET /css/chat_box.css [33m404 [0m24.629 ms - 155[0m
[0mGET /css/footer.css [33m404 [0m28.685 ms - 153[0m
[0mGET /js/toggle_likes.js [33m404 [0m13.377 ms - 157[0m
[0mGET /js/chat_engine.js [33m404 [0m10.405 ms - 156[0m
[0mGET /js/home_posts.js [33m404 [0m6.672 ms - 155[0m
[0mGET /js/toggle_likes.js [33m404 [0m8.779 ms - 157[0m
[0mGET /js/chat_engine.js [33m404 [0m6.730 ms - 156[0m
[0mGET / [36m304 [0m61.454 ms - -[0m
[0mGET /css/layout.css [33m404 [0m6.356 ms - 153[0m
[0mGET /css/header.css [33m404 [0m10.761 ms - 153[0m
[0mGET /js/home_posts.js [33m404 [0m33.475 ms - 155[0m
[0mGET /css/footer.css [33m404 [0m35.653 ms - 153[0m
[0mGET /css/chat_box.css [33m404 [0m33.589 ms - 155[0m
[0mGET /js/toggle_likes.js [33m404 [0m40.104 ms - 157[0m
[0mGET /js/chat_engine.js [33m404 [0m26.435 ms - 156[0m
[0mGET /css/layout.css [33m404 [0m5.535 ms - 153[0m
[0mGET /css/header.css [33m404 [0m7.331 ms - 153[0m
[0mGET /js/home_posts.js [33m404 [0m5.138 ms - 155[0m
[0mGET /js/toggle_likes.js [33m404 [0m6.407 ms - 157[0m
[0mGET /js/chat_engine.js [33m404 [0m5.558 ms - 156[0m
[0mGET /css/header.css [33m404 [0m15.529 ms - 153[0m
[0mGET /css/footer.css [33m404 [0m14.859 ms - 153[0m
[0mGET /css/layout.css [33m404 [0m18.186 ms - 153[0m
[0mGET /css/chat_box.css [33m404 [0m20.756 ms - 155[0m
[0mGET / [36m304 [0m675.897 ms - -[0m
[0mGET /css/layout.css [33m404 [0m202.104 ms - 153[0m
[0mGET /js/home_posts.js [33m404 [0m417.442 ms - 155[0m
[0mGET /js/toggle_likes.js [33m404 [0m712.028 ms - 157[0m
[0mGET /css/header.css [33m404 [0m709.210 ms - 153[0m
[0mGET /css/chat_box.css [33m404 [0m707.686 ms - 155[0m
[0mGET /css/layout.css [33m404 [0m118.797 ms - 153[0m
[0mGET /css/footer.css [33m404 [0m707.843 ms - 153[0m
[0mGET /js/chat_engine.js [33m404 [0m856.752 ms - 156[0m
[0mGET /js/home_posts.js [33m404 [0m496.572 ms - 155[0m
[0mGET /js/toggle_likes.js [33m404 [0m6.754 ms - 157[0m
[0mGET /js/chat_engine.js [33m404 [0m11.147 ms - 156[0m
[0mGET / [36m304 [0m256.297 ms - -[0m
[0mGET /css/layout.css [33m404 [0m12.716 ms - 153[0m
[0mGET /css/header.css [33m404 [0m222.382 ms - 153[0m
[0mGET /js/toggle_likes.js [33m404 [0m1185.080 ms - 157[0m
[0mGET /js/home_posts.js [33m404 [0m1192.372 ms - 155[0m
[0mGET /css/footer.css [33m404 [0m2426.954 ms - 153[0m
[0mGET /css/chat_box.css [33m404 [0m2424.820 ms - 155[0m
[0mGET /js/chat_engine.js [33m404 [0m2416.226 ms - 156[0m
[0mGET /css/layout.css [33m404 [0m2219.506 ms - 153[0m
[0mGET /js/toggle_likes.js [33m404 [0m5.230 ms - 157[0m
[0mGET /js/chat_engine.js [33m404 [0m7.250 ms - 156[0m
[0mGET / [36m304 [0m58.001 ms - -[0m
[0mGET /css/layout.css [33m404 [0m18.101 ms - 153[0m
[0mGET /css/header.css [33m404 [0m30.244 ms - 153[0m
[0mGET /css/chat_box.css [33m404 [0m37.434 ms - 155[0m
[0mGET /css/footer.css [33m404 [0m40.581 ms - 153[0m
[0mGET /js/chat_engine.js [33m404 [0m23.538 ms - 156[0m
[0mGET /js/home_posts.js [33m404 [0m37.365 ms - 155[0m
[0mGET /js/toggle_likes.js [33m404 [0m35.191 ms - 157[0m
[0mGET /css/layout.css [33m404 [0m11.965 ms - 153[0m
[0mGET /css/header.css [33m404 [0m11.314 ms - 153[0m
[0mGET /js/home_posts.js [33m404 [0m4.990 ms - 155[0m
[0mGET /js/toggle_likes.js [33m404 [0m6.950 ms - 157[0m
[0mGET /js/chat_engine.js [33m404 [0m7.336 ms - 156[0m
[0mGET /css/layout.css [33m404 [0m247.571 ms - 153[0m
[0mGET /js/home_posts.js [33m404 [0m754.751 ms - 155[0m
[0mGET /css/header.css [33m404 [0m752.675 ms - 153[0m
[0mGET /js/chat_engine.js [33m404 [0m3.734 ms - 156[0m
[0mGET /js/toggle_likes.js [33m404 [0m3.789 ms - 157[0m
[0mGET /js/chat_engine.js [33m404 [0m3.636 ms - 156[0m
[0mGET / [32m200 [0m1713.522 ms - 7490[0m
[0mGET /css/chat_box.css [33m404 [0m153.289 ms - 155[0m
[0mGET /css/footer.css [33m404 [0m643.190 ms - 153[0m
[0mGET /css/layout.css [33m404 [0m6.761 ms - 153[0m
[0mGET /css/header.css [33m404 [0m5.878 ms - 153[0m
[0mGET /css/footer.css [33m404 [0m7.294 ms - 153[0m
[0mGET /js/home_posts.js [33m404 [0m8.940 ms - 155[0m
[0mGET /js/toggle_likes.js [33m404 [0m1.838 ms - 157[0m
[0mGET /css/chat_box.css [33m404 [0m6.326 ms - 155[0m
[0mGET /users/sign-in [32m200 [0m20.344 ms - 1489[0m
[0mGET /users/css/layout.css [33m404 [0m13.011 ms - 159[0m
[0mGET /users/css/header.css [33m404 [0m11.718 ms - 159[0m
[0mGET /users/css/footer.css [33m404 [0m9.610 ms - 159[0m
[0mGET /users/css/chat_box.css [33m404 [0m14.163 ms - 161[0m
[0mPOST /users/create-session [36m302 [0m14.245 ms - 46[0m
[0mGET / [32m200 [0m37.562 ms - 12652[0m
[0mGET /css/layout.css [33m404 [0m31.639 ms - 153[0m
[0mGET /css/header.css [33m404 [0m28.743 ms - 153[0m
[0mGET /css/footer.css [33m404 [0m35.163 ms - 153[0m
[0mGET /js/toggle_likes.js [33m404 [0m19.830 ms - 157[0m
[0mGET /js/home_posts.js [33m404 [0m24.475 ms - 155[0m
[0mGET /css/chat_box.css [33m404 [0m19.439 ms - 155[0m
[0mGET /js/chat_engine.js [33m404 [0m8.770 ms - 156[0m
[0mGET /js/toggle_likes.js [33m404 [0m5.553 ms - 157[0m
[0mGET /js/chat_engine.js [33m404 [0m3.528 ms - 156[0m
[0mGET / [32m200 [0m351.205 ms - 12406[0m
[0mGET /js/toggle_likes.js [33m404 [0m444.881 ms - 157[0m
[0mGET /css/layout.css [33m404 [0m445.204 ms - 153[0m
[0mGET /js/home_posts.js [33m404 [0m447.558 ms - 155[0m
[0mGET /css/footer.css [33m404 [0m615.158 ms - 153[0m
[0mGET /css/header.css [33m404 [0m617.230 ms - 153[0m
[0mGET /css/chat_box.css [33m404 [0m615.354 ms - 155[0m
[0mGET /js/chat_engine.js [33m404 [0m171.225 ms - 156[0m
[0mGET /js/toggle_likes.js [33m404 [0m8.166 ms - 157[0m
[0mGET /js/chat_engine.js [33m404 [0m5.953 ms - 156[0m
[0mGET / [36m304 [0m68.389 ms - -[0m
[0mGET /js/toggle_likes.js [33m404 [0m48.605 ms - 157[0m
[0mGET /js/home_posts.js [33m404 [0m51.075 ms - 155[0m
[0mGET /css/chat_box.css [33m404 [0m33.858 ms - 155[0m
[0mGET /css/footer.css [33m404 [0m46.040 ms - 153[0m
[0mGET /css/header.css [33m404 [0m50.388 ms - 153[0m
[0mGET /css/layout.css [33m404 [0m52.199 ms - 153[0m
[0mGET /js/chat_engine.js [33m404 [0m8.517 ms - 156[0m
[0mGET /js/toggle_likes.js [33m404 [0m9.454 ms - 157[0m
[0mGET /js/chat_engine.js [33m404 [0m7.641 ms - 156[0m
[0mGET / [32m200 [0m912.402 ms - 12406[0m
[0mGET /css/layout.css [33m404 [0m162.803 ms - 153[0m
[0mGET /css/header.css [33m404 [0m554.783 ms - 153[0m
[0mGET /js/home_posts.js [33m404 [0m704.827 ms - 155[0m
[0mGET /css/footer.css [33m404 [0m701.473 ms - 153[0m
[0mGET /js/toggle_likes.js [33m404 [0m617.727 ms - 157[0m
[0mGET /js/chat_engine.js [33m404 [0m547.136 ms - 156[0m
[0mGET /css/layout.css [33m404 [0m160.765 ms - 153[0m
[0mGET /js/toggle_likes.js [33m404 [0m6.291 ms - 157[0m
[0mGET /js/chat_engine.js [33m404 [0m5.896 ms - 156[0m
[0mGET /css/chat_box.css [33m404 [0m700.304 ms - 155[0m
